<?xml version="1.0" encoding="UTF-8"?>
<!-- Generated by org.testng.reporters.JUnitReportReporter -->
<testsuite skipped="0" hostname="DESKTOP-M4N8ONB" name="com.amazon.testcases.OrderPageTest" tests="4" failures="0" timestamp="11 Jan 2020 09:49:34 GMT" time="149.418" errors="0">
  <testcase name="verifyPriceOfItemTest" time="38.085" classname="com.amazon.testcases.OrderPageTest"/>
  <testcase name="verifyProductName" time="31.432" classname="com.amazon.testcases.OrderPageTest"/>
  <testcase name="verifyTabItemTest" time="35.030" classname="com.amazon.testcases.OrderPageTest"/>
  <testcase name="addItemTest" time="44.871" classname="com.amazon.testcases.OrderPageTest"/>
</testsuite> <!-- com.amazon.testcases.OrderPageTest -->
