<?xml version="1.0" encoding="UTF-8"?>
<!-- Generated by org.testng.reporters.JUnitReportReporter -->
<testsuite skipped="0" hostname="DESKTOP-M4N8ONB" name="com.amazon.testcases.LoginPageTest" tests="1" failures="0" timestamp="16 Jan 2020 15:04:49 GMT" time="43.546" errors="0">
  <testcase name="loginTest" time="43.546" classname="com.amazon.testcases.LoginPageTest"/>
</testsuite> <!-- com.amazon.testcases.LoginPageTest -->
