<?xml version="1.0" encoding="UTF-8"?>
<!-- Generated by org.testng.reporters.JUnitReportReporter -->
<testsuite skipped="0" hostname="DESKTOP-M4N8ONB" name="com.amazon.testcases.OrderPageTest" tests="4" failures="0" timestamp="15 Jan 2020 09:28:43 GMT" time="185.637" errors="0">
  <testcase name="verifyPriceOfItemTest" time="60.725" classname="com.amazon.testcases.OrderPageTest"/>
  <testcase name="verifyProductName" time="44.005" classname="com.amazon.testcases.OrderPageTest"/>
  <testcase name="verifyTabItemTest" time="40.390" classname="com.amazon.testcases.OrderPageTest"/>
  <testcase name="addItemTest" time="40.517" classname="com.amazon.testcases.OrderPageTest"/>
</testsuite> <!-- com.amazon.testcases.OrderPageTest -->
