<?xml version="1.0" encoding="UTF-8"?>
<!-- Generated by org.testng.reporters.JUnitReportReporter -->
<testsuite skipped="0" hostname="DESKTOP-M4N8ONB" name="com.amazon.testcases.CartPageTest" tests="1" failures="0" timestamp="11 Jan 2020 09:49:34 GMT" time="67.067" errors="0">
  <testcase name="verifyAddCart" time="67.067" classname="com.amazon.testcases.CartPageTest"/>
</testsuite> <!-- com.amazon.testcases.CartPageTest -->
