<?xml version="1.0" encoding="UTF-8"?>
<!-- Generated by org.testng.reporters.JUnitReportReporter -->
<testsuite skipped="0" hostname="DESKTOP-M4N8ONB" name="com.amazon.testcases.ResultPageTest" tests="3" failures="0" timestamp="15 Jan 2020 09:28:43 GMT" time="129.813" errors="0">
  <testcase name="searchResultTest" time="27.102" classname="com.amazon.testcases.ResultPageTest"/>
  <testcase name="sortByItemTest" time="41.481" classname="com.amazon.testcases.ResultPageTest"/>
  <testcase name="SearchItemTest" time="61.230" classname="com.amazon.testcases.ResultPageTest"/>
</testsuite> <!-- com.amazon.testcases.ResultPageTest -->
