<?xml version="1.0" encoding="UTF-8"?>
<!-- Generated by org.testng.reporters.JUnitReportReporter -->
<testsuite skipped="0" hostname="DESKTOP-M4N8ONB" name="com.amazon.testcases.DeliveryPageTest" tests="1" failures="0" timestamp="17 Jan 2020 04:51:04 GMT" time="94.969" errors="0">
  <testcase name="addressVerify" time="94.969" classname="com.amazon.testcases.DeliveryPageTest"/>
</testsuite> <!-- com.amazon.testcases.DeliveryPageTest -->
