<?xml version="1.0" encoding="UTF-8"?>
<!-- Generated by org.testng.reporters.JUnitReportReporter -->
<testsuite skipped="0" hostname="DESKTOP-M4N8ONB" name="com.amazon.testcases.HomePageTest" tests="2" failures="0" timestamp="11 Jan 2020 09:49:34 GMT" time="61.962" errors="0">
  <testcase name="validatehomePageTest" time="31.196" classname="com.amazon.testcases.HomePageTest"/>
  <testcase name="searchItemTest" time="30.766" classname="com.amazon.testcases.HomePageTest"/>
</testsuite> <!-- com.amazon.testcases.HomePageTest -->
