<?xml version="1.0" encoding="UTF-8"?>
<!-- Generated by org.testng.reporters.JUnitReportReporter -->
<testsuite skipped="0" hostname="DESKTOP-M4N8ONB" name="com.amazon.testcases.HomePageTest" tests="2" failures="0" timestamp="15 Jan 2020 09:28:43 GMT" time="132.276" errors="0">
  <testcase name="validatehomePageTest" time="87.745" classname="com.amazon.testcases.HomePageTest"/>
  <testcase name="searchItemTest" time="44.531" classname="com.amazon.testcases.HomePageTest"/>
</testsuite> <!-- com.amazon.testcases.HomePageTest -->
