<?xml version="1.0" encoding="UTF-8"?>
<!-- Generated by org.testng.reporters.JUnitReportReporter -->
<testsuite skipped="0" hostname="DESKTOP-M4N8ONB" name="com.amazon.testcases.ResultPageTest" tests="3" failures="0" timestamp="16 Jan 2020 11:29:43 GMT" time="111.413" errors="0">
  <testcase name="searchResultTest" time="37.154" classname="com.amazon.testcases.ResultPageTest"/>
  <testcase name="sortByItemTest" time="33.117" classname="com.amazon.testcases.ResultPageTest"/>
  <testcase name="SearchItemTest" time="41.142" classname="com.amazon.testcases.ResultPageTest"/>
</testsuite> <!-- com.amazon.testcases.ResultPageTest -->
