<?xml version="1.0" encoding="UTF-8"?>
<!-- Generated by org.testng.reporters.JUnitReportReporter -->
<testsuite skipped="0" hostname="DESKTOP-M4N8ONB" name="com.amazon.testcases.OrderPageTest" tests="4" failures="0" timestamp="16 Jan 2020 11:29:43 GMT" time="172.961" errors="0">
  <testcase name="verifyPriceOfItemTest" time="41.381" classname="com.amazon.testcases.OrderPageTest"/>
  <testcase name="verifyProductName" time="54.387" classname="com.amazon.testcases.OrderPageTest"/>
  <testcase name="verifyTabItemTest" time="32.088" classname="com.amazon.testcases.OrderPageTest"/>
  <testcase name="addItemTest" time="45.105" classname="com.amazon.testcases.OrderPageTest"/>
</testsuite> <!-- com.amazon.testcases.OrderPageTest -->
