<?xml version="1.0" encoding="UTF-8"?>
<!-- Generated by org.testng.reporters.JUnitReportReporter -->
<testsuite skipped="0" hostname="DESKTOP-M4N8ONB" name="com.amazon.testcases.HomePageTest" tests="2" failures="0" timestamp="16 Jan 2020 11:29:44 GMT" time="65.253" errors="0">
  <testcase name="validatehomePageTest" time="39.330" classname="com.amazon.testcases.HomePageTest"/>
  <testcase name="searchItemTest" time="25.923" classname="com.amazon.testcases.HomePageTest"/>
</testsuite> <!-- com.amazon.testcases.HomePageTest -->
