<?xml version="1.0" encoding="UTF-8"?>
<!-- Generated by org.testng.reporters.JUnitReportReporter -->
<testsuite skipped="0" hostname="DESKTOP-M4N8ONB" name="com.amazon.testcases.OrderPageTest" tests="1" failures="0" timestamp="11 Jan 2020 12:23:30 GMT" time="65.462" errors="0">
  <testcase name="verifyPriceOfItemTest" time="65.462" classname="com.amazon.testcases.OrderPageTest"/>
</testsuite> <!-- com.amazon.testcases.OrderPageTest -->
