<?xml version="1.0" encoding="UTF-8"?>
<!-- Generated by org.testng.reporters.JUnitReportReporter -->
<testsuite skipped="0" hostname="DESKTOP-M4N8ONB" name="com.amazon.testcases.CartPageTest" tests="1" failures="0" timestamp="16 Jan 2020 11:29:43 GMT" time="58.881" errors="0">
  <testcase name="verifyAddCart" time="58.881" classname="com.amazon.testcases.CartPageTest"/>
</testsuite> <!-- com.amazon.testcases.CartPageTest -->
