<?xml version="1.0" encoding="UTF-8"?>
<!-- Generated by org.testng.reporters.JUnitReportReporter -->
<testsuite skipped="0" hostname="DESKTOP-M4N8ONB" name="com.amazon.testcases.ResultPageTest" tests="1" failures="0" timestamp="11 Jan 2020 12:23:31 GMT" time="57.567" errors="0">
  <testcase name="searchResultTest" time="57.567" classname="com.amazon.testcases.ResultPageTest"/>
</testsuite> <!-- com.amazon.testcases.ResultPageTest -->
